build/app/outputs/mapping/release/mapping.txt
# compiler: R8
# compiler_version: 1.5.64
# min_api: 16
# pg_map_id: e7c76d6
com.example.panasonic.MainActivity -> com.example.panasonic.MainActivity:
    void configureFlutterEngine(io.flutter.embedding.engine.FlutterEngine) -> a
...
io.flutter.embedding.engine.plugins.activity.ActivityAware -> io.flutter.embedding.engine.g.c.a:
    void onAttachedToActivity(io.flutter.embedding.engine.plugins.activity.ActivityPluginBinding) -> a
    void onDetachedFromActivity() -> a
    void onDetachedFromActivityForConfigChanges() -> b
    void onReattachedToActivityForConfigChanges(io.flutter.embedding.engine.plugins.activity.ActivityPluginBinding) -> b
io.flutter.embedding.engine.plugins.activity.ActivityControlSurface -> io.flutter.embedding.engine.g.c.b:
    void attachToActivity(android.app.Activity,androidx.lifecycle.Lifecycle) -> a
    boolean onActivityResult(int,int,android.content.Intent) -> a
    void onNewIntent(android.content.Intent) -> a
    boolean onRequestPermissionsResult(int,java.lang.String[],int[]) -> a
    void onRestoreInstanceState(android.os.Bundle) -> a
    void onUserLeaveHint() -> a
    void detachFromActivityForConfigChanges() -> b
    void onSaveInstanceState(android.os.Bundle) -> b
    void detachFromActivity() -> c
io.flutter.embedding.engine.plugins.activity.ActivityPluginBinding -> io.flutter.embedding.engine.g.c.c:
    void addActivityResultListener(io.flutter.plugin.common.PluginRegistry$ActivityResultListener) -> a
    void addOnNewIntentListener(io.flutter.plugin.common.PluginRegistry$NewIntentListener) -> a
    void addOnUserLeaveHintListener(io.flutter.plugin.common.PluginRegistry$UserLeaveHintListener) -> a
    void addRequestPermissionsResultListener(io.flutter.plugin.common.PluginRegistry$RequestPermissionsResultListener) -> a
io.flutter.embedding.engine.plugins.activity.ActivityPluginBinding$OnSaveInstanceStateListener -> io.flutter.embedding.engine.g.c.c$a:
    void onRestoreInstanceState(android.os.Bundle) -> a
    void onSaveInstanceState(android.os.Bundle) -> b
io.flutter.embedding.engine.plugins.broadcastreceiver.BroadcastReceiverAware -> io.flutter.embedding.engine.g.d.a:
    void onAttachedToBroadcastReceiver(io.flutter.embedding.engine.plugins.broadcastreceiver.BroadcastReceiverPluginBinding) -> a
    void onDetachedFromBroadcastReceiver() -> a
io.flutter.embedding.engine.plugins.broadcastreceiver.BroadcastReceiverControlSurface -> io.flutter.embedding.engine.g.d.b:
io.flutter.embedding.engine.plugins.broadcastreceiver.BroadcastReceiverPluginBinding -> io.flutter.embedding.engine.g.d.c:
io.flutter.embedding.engine.plugins.contentprovider.ContentProviderAware -> io.flutter.embedding.engine.g.e.a:
    void onAttachedToContentProvider(io.flutter.embedding.engine.plugins.contentprovider.ContentProviderPluginBinding) -> a
    void onDetachedFromContentProvider() -> a
io.flutter.embedding.engine.plugins.contentprovider.ContentProviderControlSurface -> io.flutter.embedding.engine.g.e.b:
io.flutter.embedding.engine.plugins.contentprovider.ContentProviderPluginBinding -> io.flutter.embedding.engine.g.e.c:
io.flutter.embedding.engine.plugins.service.ServiceAware -> io.flutter.embedding.engine.g.f.a:
    void onAttachedToService(io.flutter.embedding.engine.plugins.service.ServicePluginBinding) -> a
    void onDetachedFromService() -> a
io.flutter.embedding.engine.plugins.service.ServiceControlSurface -> io.flutter.embedding.engine.g.f.b:
io.flutter.embedding.engine.plugins.service.ServicePluginBinding -> io.flutter.embedding.engine.g.f.c:
io.flutter.embedding.engine.plugins.shim.ShimPluginRegistry -> io.flutter.embedding.engine.g.g.a:
    java.util.Map pluginMap -> b
    io.flutter.embedding.engine.plugins.shim.ShimPluginRegistry$ShimRegistrarAggregate shimRegistrarAggregate -> c
    io.flutter.embedding.engine.FlutterEngine flutterEngine -> a
    io.flutter.plugin.common.PluginRegistry$Registrar registrarFor(java.lang.String) -> a
io.flutter.embedding.engine.plugins.shim.ShimPluginRegistry$1 -> io.flutter.embedding.engine.g.g.a$a: